Linux 6.8.0-87-generic (VM-0-14-ubuntu) 	11/27/2025 	_x86_64_	(2 CPU)

02:00:16 AM     CPU     %user     %nice   %system   %iowait    %steal     %idle
02:00:17 AM     all      1.01     49.75      1.01      0.00      0.00     48.24
02:00:17 AM       0      0.00    100.00      0.00      0.00      0.00      0.00
02:00:17 AM       1      2.00      0.00      2.00      0.00      0.00     96.00

02:00:17 AM     CPU     %user     %nice   %system   %iowait    %steal     %idle
02:00:18 AM     all      2.48     49.50      3.47      0.00      0.00     44.55
02:00:18 AM       0      0.99     89.11      0.99      0.00      0.00      8.91
02:00:18 AM       1      3.96      9.90      5.94      0.00      0.00     80.20

02:00:18 AM     CPU     %user     %nice   %system   %iowait    %steal     %idle
02:00:19 AM     all      1.52     50.51      2.02      0.00      0.00     45.96
02:00:19 AM       0      0.00    100.00      0.00      0.00      0.00      0.00
02:00:19 AM       1      3.06      0.00      4.08      0.00      0.00     92.86

02:00:19 AM     CPU     %user     %nice   %system   %iowait    %steal     %idle
02:00:20 AM     all      2.00     49.50      3.00      0.00      0.00     45.50
02:00:20 AM       0      3.00     49.00      6.00      0.00      0.00     42.00
02:00:20 AM       1      1.00     50.00      0.00      0.00      0.00     49.00

02:00:20 AM     CPU     %user     %nice   %system   %iowait    %steal     %idle
02:00:21 AM     all      1.00     50.25      0.50      0.00      0.00     48.26
02:00:21 AM       0      0.00     99.01      0.00      0.00      0.00      0.99
02:00:21 AM       1      2.00      1.00      1.00      0.00      0.00     96.00

02:00:21 AM     CPU     %user     %nice   %system   %iowait    %steal     %idle
02:00:22 AM     all      0.50     49.75      1.01      0.00      0.00     48.74
02:00:22 AM       0      0.00    100.00      0.00      0.00      0.00      0.00
02:00:22 AM       1      1.00      0.00      2.00      0.00      0.00     97.00

02:00:22 AM     CPU     %user     %nice   %system   %iowait    %steal     %idle
02:00:23 AM     all      0.51     50.51      0.51      0.00      0.00     48.48
02:00:23 AM       0      0.00     49.49      0.00      0.00      0.00     50.51
02:00:23 AM       1      1.01     51.52      1.01      0.00      0.00     46.46

02:00:23 AM     CPU     %user     %nice   %system   %iowait    %steal     %idle
02:00:24 AM     all      0.50     49.50      1.49      0.00      0.00     48.51
02:00:24 AM       0      0.99      4.95      1.98      0.00      0.00     92.08
02:00:24 AM       1      0.00     94.06      0.99      0.00      0.00      4.95

02:00:24 AM     CPU     %user     %nice   %system   %iowait    %steal     %idle
02:00:25 AM     all      2.53     50.51      3.03      0.51      0.00     43.43
02:00:25 AM       0      4.08      1.02      6.12      1.02      0.00     87.76
02:00:25 AM       1      1.00     99.00      0.00      0.00      0.00      0.00

02:00:25 AM     CPU     %user     %nice   %system   %iowait    %steal     %idle
02:00:26 AM     all      0.50     50.25      0.00      0.00      0.00     49.25
02:00:26 AM       0      1.00      2.00      0.00      0.00      0.00     97.00
02:00:26 AM       1      0.00     98.99      0.00      0.00      0.00      1.01

Average:        CPU     %user     %nice   %system   %iowait    %steal     %idle
Average:        all      1.25     50.00      1.60      0.05      0.00     47.09
Average:          0      1.00     59.52      1.50      0.10      0.00     37.88
Average:          1      1.50     40.48      1.70      0.00      0.00     56.31
